19:23:27.425 INFO  NativeLibraryLoader - Loading libgkl_compression.so from jar:file:/home/dsw670/mambaforge/envs/pathopipe/share/picard-2.27.4-0/picard.jar!/com/intel/gkl/native/libgkl_compression.so
[Fri Aug 25 19:23:27 CEST 2023] MarkDuplicates --INPUT /dev/shm/pathopipe/y_pestis_sim1/544.GCF_002249995.1.srt.bam --OUTPUT bam/y_pestis_sim1/544.GCF_002249995.1.pathopipe.mrkdup.bam --METRICS_FILE bam/y_pestis_sim1/544.GCF_002249995.1.pathopipe.mrkdup.metrics.txt --TMP_DIR /dev/shm/pathopipe --MAX_SEQUENCES_FOR_DISK_READ_ENDS_MAP 50000 --MAX_FILE_HANDLES_FOR_READ_ENDS_MAP 8000 --SORTING_COLLECTION_SIZE_RATIO 0.25 --TAG_DUPLICATE_SET_MEMBERS false --REMOVE_SEQUENCING_DUPLICATES false --TAGGING_POLICY DontTag --CLEAR_DT true --DUPLEX_UMI false --FLOW_MODE false --FLOW_QUALITY_SUM_STRATEGY false --USE_END_IN_UNPAIRED_READS false --USE_UNPAIRED_CLIPPED_END false --UNPAIRED_END_UNCERTAINTY 0 --FLOW_SKIP_FIRST_N_FLOWS 0 --FLOW_Q_IS_KNOWN_END false --FLOW_EFFECTIVE_QUALITY_THRESHOLD 15 --ADD_PG_TAG_TO_READS true --REMOVE_DUPLICATES false --ASSUME_SORTED false --DUPLICATE_SCORING_STRATEGY SUM_OF_BASE_QUALITIES --PROGRAM_RECORD_ID MarkDuplicates --PROGRAM_GROUP_NAME MarkDuplicates --READ_NAME_REGEX <optimized capture of last three ':' separated fields as numeric values> --OPTICAL_DUPLICATE_PIXEL_DISTANCE 100 --MAX_OPTICAL_DUPLICATE_SET_SIZE 300000 --VERBOSITY INFO --QUIET false --VALIDATION_STRINGENCY STRICT --COMPRESSION_LEVEL 5 --MAX_RECORDS_IN_RAM 500000 --CREATE_INDEX false --CREATE_MD5_FILE false --GA4GH_CLIENT_SECRETS client_secrets.json --help false --version false --showHidden false --USE_JDK_DEFLATER false --USE_JDK_INFLATER false
[Fri Aug 25 19:23:27 CEST 2023] Executing as dsw670@dandycomp01fl.unicph.domain on Linux 4.18.0-477.15.1.el8_8.x86_64 amd64; OpenJDK 64-Bit Server VM 17.0.3-internal+0-adhoc..src; Deflater: Intel; Inflater: Intel; Provider GCS is not available; Picard version: Version:2.27.4-SNAPSHOT
INFO	2023-08-25 19:23:27	MarkDuplicates	Start of doWork freeMemory: 226687648; totalMemory: 234881024; maxMemory: 53687091200
INFO	2023-08-25 19:23:27	MarkDuplicates	Reading input file and constructing read end information.
INFO	2023-08-25 19:23:27	MarkDuplicates	Will retain up to 194518446 data points before spilling to disk.
INFO	2023-08-25 19:23:29	MarkDuplicates	Read 1 records. 0 pairs never matched.
INFO	2023-08-25 19:23:30	MarkDuplicates	After buildSortedReadEndLists freeMemory: 2336477936; totalMemory: 5502926848; maxMemory: 53687091200
INFO	2023-08-25 19:23:30	MarkDuplicates	Will retain up to 1677721600 duplicate indices before spilling to disk.
INFO	2023-08-25 19:23:39	MarkDuplicates	Traversing read pair information and detecting duplicates.
INFO	2023-08-25 19:23:39	MarkDuplicates	Traversing fragment information and detecting duplicates.
INFO	2023-08-25 19:23:39	MarkDuplicates	Sorting list of duplicate records.
INFO	2023-08-25 19:23:39	MarkDuplicates	After generateDuplicateIndexes freeMemory: 14504320896; totalMemory: 27984396288; maxMemory: 53687091200
INFO	2023-08-25 19:23:39	MarkDuplicates	Marking 0 records as duplicates.
INFO	2023-08-25 19:23:39	MarkDuplicates	Found 0 optical duplicate clusters.
INFO	2023-08-25 19:23:39	MarkDuplicates	Reads are assumed to be ordered by: coordinate
INFO	2023-08-25 19:23:39	MarkDuplicates	Writing complete. Closing input iterator.
INFO	2023-08-25 19:23:39	MarkDuplicates	Duplicate Index cleanup.
INFO	2023-08-25 19:23:39	MarkDuplicates	Getting Memory Stats.
INFO	2023-08-25 19:23:39	MarkDuplicates	Before output close freeMemory: 795884952; totalMemory: 805306368; maxMemory: 53687091200
INFO	2023-08-25 19:23:39	MarkDuplicates	Closed outputs. Getting more Memory Stats.
INFO	2023-08-25 19:23:39	MarkDuplicates	After output close freeMemory: 225459600; totalMemory: 234881024; maxMemory: 53687091200
[Fri Aug 25 19:23:39 CEST 2023] picard.sam.markduplicates.MarkDuplicates done. Elapsed time: 0.20 minutes.
Runtime.totalMemory()=234881024
